Number of vertices: 19
Initial partition:1 0 0 1 0 0 0 1 0 0 0 1 0 0 1 0 0 0 0 
Clauses: 244, Variables 342
SAT Solver: Cadical
Starting to solve
Search finished
Time in propagator: 154.840644
Time in check full graphs: 0.000000
Calls of check: 0
Calls propagator: 18017363
Statistics for MinimalityChecker:
	Calls: 1053459
	Time in seconds: 18.0703
	Added clauses: 7339
Statistics for ThicknessTwoChecker:
	Calls: 3700314
	Time in seconds: 101.9968
	Added clauses: 1866362
Statistics for EFX Propagator:
	Calls: 0
	Time in seconds: 0.0000
	Added clauses: 0
Statistics for QuasiKConnectedPropagator:
	Calls: 0
	Time in seconds: 0.0000
	Added clauses: 0
Total time: 3171.831907
